<?xml version="1.0" encoding="UTF-8"?>
<!-- Generated by org.testng.reporters.JUnitReportReporter -->
<testsuite skipped="0" hostname="DESKTOP-1J8UVOM" name="com.javascript.ScrollPageExample" tests="1" failures="0" timestamp="2021-04-04T15:41:49 IST" time="6.498" errors="0">
  <testcase name="scroll" time="6.498" classname="com.javascript.ScrollPageExample"/>
  <system-out/>
</testsuite> <!-- com.javascript.ScrollPageExample -->
