<?xml version="1.0" encoding="UTF-8"?>
<!-- Generated by org.testng.reporters.JUnitReportReporter -->
<testsuite skipped="0" hostname="DESKTOP-1J8UVOM" name="com.selenium.demo.ParameterTestNGExample" tests="1" failures="0" timestamp="2021-04-04T14:52:33 IST" time="0.008" errors="0">
  <testcase name="f" time="0.008" classname="com.selenium.demo.ParameterTestNGExample"/>
  <system-out/>
</testsuite> <!-- com.selenium.demo.ParameterTestNGExample -->
