<?xml version="1.0" encoding="UTF-8"?>
<!-- Generated by org.testng.reporters.JUnitReportReporter -->
<testsuite skipped="0" hostname="DESKTOP-1J8UVOM" name="com.udemypractice.TestCaseTwo" tests="4" failures="0" timestamp="2021-04-04T14:30:22 IST" time="0.011" errors="0">
  <testcase name="doUserReg" time="0.008" classname="com.udemypractice.TestCaseTwo"/>
  <system-out/>
  <testcase name="login" time="0.001" classname="com.udemypractice.TestCaseTwo"/>
  <system-out/>
  <testcase name="thirdTest" time="0.001" classname="com.udemypractice.TestCaseTwo"/>
  <system-out/>
  <testcase name="fourthTest" time="0.001" classname="com.udemypractice.TestCaseTwo"/>
  <system-out/>
</testsuite> <!-- com.udemypractice.TestCaseTwo -->
